c:\users\anaam7\documents\github\engine\engine\build\engine.dir\debug\vc143.pdb
c:\users\anaam7\documents\github\engine\engine\build\engine.dir\debug\window.obj
c:\users\anaam7\documents\github\engine\engine\build\engine.dir\debug\main.obj
c:\users\anaam7\documents\github\engine\engine\build\engine.dir\debug\input.obj
c:\users\anaam7\documents\github\engine\engine\build\engine.dir\debug\application.obj
c:\users\anaam7\documents\github\engine\engine\build\cmakefiles\generate.stamp
c:\users\anaam7\documents\github\engine\engine\build\debug\engine.exe
c:\users\anaam7\documents\github\engine\engine\build\debug\engine.pdb
c:\users\anaam7\documents\github\engine\engine\build\engine.dir\debug\engine.ilk
c:\users\anaam7\documents\github\engine\engine\build\engine.dir\debug\engine.tlog\cl.command.1.tlog
c:\users\anaam7\documents\github\engine\engine\build\engine.dir\debug\engine.tlog\cl.items.tlog
c:\users\anaam7\documents\github\engine\engine\build\engine.dir\debug\engine.tlog\cl.read.1.tlog
c:\users\anaam7\documents\github\engine\engine\build\engine.dir\debug\engine.tlog\cl.write.1.tlog
c:\users\anaam7\documents\github\engine\engine\build\engine.dir\debug\engine.tlog\custombuild.command.1.tlog
c:\users\anaam7\documents\github\engine\engine\build\engine.dir\debug\engine.tlog\custombuild.read.1.tlog
c:\users\anaam7\documents\github\engine\engine\build\engine.dir\debug\engine.tlog\custombuild.write.1.tlog
c:\users\anaam7\documents\github\engine\engine\build\engine.dir\debug\engine.tlog\link.command.1.tlog
c:\users\anaam7\documents\github\engine\engine\build\engine.dir\debug\engine.tlog\link.read.1.tlog
c:\users\anaam7\documents\github\engine\engine\build\engine.dir\debug\engine.tlog\link.secondary.1.tlog
c:\users\anaam7\documents\github\engine\engine\build\engine.dir\debug\engine.tlog\link.write.1.tlog
